[debug] [2026-03-05T00:29:31.292Z] ----------------------------------------------------------------------
[debug] [2026-03-05T00:29:31.297Z] Command:       C:\Program Files\nodejs\node.exe C:\Users\hp\AppData\Local\npm-cache\_npx\7750544ccf494d8b\node_modules\firebase-tools\lib\bin\firebase.js deploy --only storage --debug
[debug] [2026-03-05T00:29:31.297Z] CLI Version:   15.8.0
[debug] [2026-03-05T00:29:31.297Z] Platform:      win32
[debug] [2026-03-05T00:29:31.297Z] Node Version:  v24.12.0
[debug] [2026-03-05T00:29:31.298Z] Time:          Wed Mar 04 2026 18:29:31 GMT-0600 (hora estándar central)
[debug] [2026-03-05T00:29:31.299Z] ----------------------------------------------------------------------
[debug] 
[debug] [2026-03-05T00:29:35.220Z] Field "/auth/providers/emailPassword" in "firebase.json" is possibly invalid: must be boolean
[debug] [2026-03-05T00:29:35.228Z] > command requires scopes: ["email","openid","https://www.googleapis.com/auth/cloudplatformprojects.readonly","https://www.googleapis.com/auth/firebase","https://www.googleapis.com/auth/cloud-platform"]
[debug] [2026-03-05T00:29:35.229Z] > authorizing via signed-in user (diabolicalprojects@gmail.com)
[debug] [2026-03-05T00:29:35.230Z] [iam] checking project nail-demo-35d0a for permissions ["firebase.projects.get","firebaserules.releases.create","firebaserules.releases.update","firebaserules.rulesets.create"]
[debug] [2026-03-05T00:29:35.234Z] Checked if tokens are valid: true, expires at: 1772673987368
[debug] [2026-03-05T00:29:35.235Z] Checked if tokens are valid: true, expires at: 1772673987368
[debug] [2026-03-05T00:29:35.238Z] >>> [apiv2][query] POST https://cloudresourcemanager.googleapis.com/v1/projects/nail-demo-35d0a:testIamPermissions [none]
[debug] [2026-03-05T00:29:35.239Z] >>> [apiv2][(partial)header] POST https://cloudresourcemanager.googleapis.com/v1/projects/nail-demo-35d0a:testIamPermissions  x-goog-user-project=nail-demo-35d0a
[debug] [2026-03-05T00:29:35.240Z] >>> [apiv2][body] POST https://cloudresourcemanager.googleapis.com/v1/projects/nail-demo-35d0a:testIamPermissions {"permissions":["firebase.projects.get","firebaserules.releases.create","firebaserules.releases.update","firebaserules.rulesets.create"]}
[debug] [2026-03-05T00:29:35.765Z] <<< [apiv2][status] POST https://cloudresourcemanager.googleapis.com/v1/projects/nail-demo-35d0a:testIamPermissions 200
[debug] [2026-03-05T00:29:35.765Z] <<< [apiv2][body] POST https://cloudresourcemanager.googleapis.com/v1/projects/nail-demo-35d0a:testIamPermissions {"permissions":["firebase.projects.get","firebaserules.releases.create","firebaserules.releases.update","firebaserules.rulesets.create"]}
[info] 
[info] === Deploying to 'nail-demo-35d0a'...
[info] 
[info] i  deploying storage 
[info] i  storage: ensuring required API firebasestorage.googleapis.com is enabled... 
[debug] [2026-03-05T00:29:35.773Z] Checked if tokens are valid: true, expires at: 1772673987368
[debug] [2026-03-05T00:29:35.773Z] Checked if tokens are valid: true, expires at: 1772673987368
[debug] [2026-03-05T00:29:35.774Z] >>> [apiv2][query] GET https://firebasestorage.googleapis.com/v1alpha/projects/nail-demo-35d0a/defaultBucket [none]
[debug] [2026-03-05T00:29:36.204Z] <<< [apiv2][status] GET https://firebasestorage.googleapis.com/v1alpha/projects/nail-demo-35d0a/defaultBucket 404
[debug] [2026-03-05T00:29:36.209Z] <<< [apiv2][body] GET https://firebasestorage.googleapis.com/v1alpha/projects/nail-demo-35d0a/defaultBucket {"error":{"code":404,"message":"Requested entity was not found.","status":"NOT_FOUND"}}
[error] 
[error] Error: Firebase Storage has not been set up on project 'nail-demo-35d0a'. Go to https://console.firebase.google.com/project/nail-demo-35d0a/storage and click 'Get Started' to set up Firebase Storage.
